[15:27:46.314][info] [#0:D:/a/NoitaMP/NoitaMP/.building/lua-language-server-3.6.18-win32-x64\main.lua:66]: Lua Lsp startup, root: 	D:/a/NoitaMP/NoitaMP/.building/lua-language-server-3.6.18-win32-x64
[15:27:46.314][info] [#0:D:/a/NoitaMP/NoitaMP/.building/lua-language-server-3.6.18-win32-x64\main.lua:67]: ROOT:	D:/a/NoitaMP/NoitaMP/.building/lua-language-server-3.6.18-win32-x64
[15:27:46.314][info] [#0:D:/a/NoitaMP/NoitaMP/.building/lua-language-server-3.6.18-win32-x64\main.lua:68]: LOGPATH:	D:\a\NoitaMP\NoitaMP\\docs\\lua-docs
[15:27:46.314][info] [#0:D:/a/NoitaMP/NoitaMP/.building/lua-language-server-3.6.18-win32-x64\main.lua:69]: METAPATH:	D:/a/NoitaMP/NoitaMP/.building/lua-language-server-3.6.18-win32-x64/meta
[15:27:46.314][info] [#0:D:/a/NoitaMP/NoitaMP/.building/lua-language-server-3.6.18-win32-x64\main.lua:70]: VERSION:	3.6.18
[15:27:46.361][info] [#0:script\language.lua:137]: VSC language: nil
[15:27:46.361][info] [#0:script\language.lua:138]: LS  language: en-us
[15:27:46.361][info] [#0:script\client.lua:657]: Client init	{
  rootUri = "file:///d%3A/a/NoitaMP/NoitaMP/mods/noita-mp/files/scripts"
}
[15:27:46.361][info] [#0:script\language.lua:137]: VSC language: nil
[15:27:46.361][info] [#0:script\language.lua:138]: LS  language: en-us
[15:27:46.361][info] [#0:script\workspace\workspace.lua:38]: Workspace init root: 	file:///d%3A/a/NoitaMP/NoitaMP/mods/noita-mp/files/scripts
[15:27:46.361][info] [#0:script\workspace\workspace.lua:42]: Log path: 	D:/a/NoitaMP/NoitaMP//docs//lua-docs/file_d%3A_a_NoitaMP_NoitaMP_mods_noita-mp_files_scripts.log
[15:27:46.376][info] [#0:script\workspace\workspace.lua:48]: Workspace create: 	file:///d%3A/a/NoitaMP/NoitaMP/mods/noita-mp/files/scripts
[15:27:46.376][warn] [#0:script\config\loader.lua:116]: No config?	nil
[15:27:46.376][warn] [#0:script\config\loader.lua:116]: No config?	nil
[15:27:46.376][info] [#0:script\provider\provider.lua:61]: Load config from client	fallback
[15:27:46.376][info] [#0:script\provider\provider.lua:62]: nil
[15:27:46.376][info] [#0:script\library.lua:212]: Init builtin library at:	file:///d%3A/a/NoitaMP/NoitaMP/mods/noita-mp/files/scripts
[15:27:46.376][info] [#0:script\library.lua:212]: Init builtin library at:	nil
[15:27:46.392][info] [#0:script\workspace\workspace.lua:322]: Preload start:	file:///d%3A/a/NoitaMP/NoitaMP/mods/noita-mp/files/scripts
[15:27:46.392][info] [#0:script\workspace\workspace.lua:328]: Scan files at:	file:///d%3A/a/NoitaMP/NoitaMP/mods/noita-mp/files/scripts
[15:27:46.392][info] [#0:script\workspace\workspace.lua:322]: Preload start:	<fallback>
[15:27:46.392][info] [#0:script\workspace\workspace.lua:351]: Scan library at:	file:///d%3A/a/NoitaMP/NoitaMP/.building/lua-language-server-3.6.18-win32-x64/meta/Lua%205.4%20en-us%20utf8/os.lua
[15:27:46.392][info] [#0:script\workspace\workspace.lua:351]: Scan library at:	file:///d%3A/a/NoitaMP/NoitaMP/.building/lua-language-server-3.6.18-win32-x64/meta/Lua%205.4%20en-us%20utf8/basic.lua
[15:27:46.392][info] [#0:script\workspace\workspace.lua:351]: Scan library at:	file:///d%3A/a/NoitaMP/NoitaMP/.building/lua-language-server-3.6.18-win32-x64/meta/Lua%205.4%20en-us%20utf8/string.lua
[15:27:46.392][info] [#0:script\workspace\workspace.lua:351]: Scan library at:	file:///d%3A/a/NoitaMP/NoitaMP/.building/lua-language-server-3.6.18-win32-x64/meta/Lua%205.4%20en-us%20utf8/package.lua
[15:27:46.392][info] [#0:script\workspace\workspace.lua:351]: Scan library at:	file:///d%3A/a/NoitaMP/NoitaMP/.building/lua-language-server-3.6.18-win32-x64/meta/Lua%205.4%20en-us%20utf8/table.lua
[15:27:46.408][info] [#0:script\workspace\workspace.lua:351]: Scan library at:	file:///d%3A/a/NoitaMP/NoitaMP/.building/lua-language-server-3.6.18-win32-x64/meta/Lua%205.4%20en-us%20utf8/utf8.lua
[15:27:46.408][info] [#0:script\workspace\workspace.lua:351]: Scan library at:	file:///d%3A/a/NoitaMP/NoitaMP/.building/lua-language-server-3.6.18-win32-x64/meta/Lua%205.4%20en-us%20utf8/builtin.lua
[15:27:46.408][info] [#0:script\workspace\workspace.lua:351]: Scan library at:	file:///d%3A/a/NoitaMP/NoitaMP/.building/lua-language-server-3.6.18-win32-x64/meta/Lua%205.4%20en-us%20utf8/coroutine.lua
[15:27:46.408][info] [#0:script\workspace\workspace.lua:351]: Scan library at:	file:///d%3A/a/NoitaMP/NoitaMP/.building/lua-language-server-3.6.18-win32-x64/meta/Lua%205.4%20en-us%20utf8/debug.lua
[15:27:46.408][info] [#0:script\workspace\workspace.lua:351]: Scan library at:	file:///d%3A/a/NoitaMP/NoitaMP/.building/lua-language-server-3.6.18-win32-x64/meta/Lua%205.4%20en-us%20utf8/math.lua
[15:27:46.408][info] [#0:script\workspace\workspace.lua:351]: Scan library at:	file:///d%3A/a/NoitaMP/NoitaMP/.building/lua-language-server-3.6.18-win32-x64/meta/Lua%205.4%20en-us%20utf8/io.lua
[15:27:46.408][info] [#0:script\workspace\workspace.lua:351]: Scan library at:	file:///d%3A/a/NoitaMP/NoitaMP/.building/lua-language-server-3.6.18-win32-x64/meta/Lua%205.4%20en-us%20utf8/os.lua
[15:27:46.408][info] [#0:script\workspace\workspace.lua:351]: Scan library at:	file:///d%3A/a/NoitaMP/NoitaMP/.building/lua-language-server-3.6.18-win32-x64/meta/Lua%205.4%20en-us%20utf8/basic.lua
[15:27:46.408][info] [#0:script\workspace\workspace.lua:351]: Scan library at:	file:///d%3A/a/NoitaMP/NoitaMP/.building/lua-language-server-3.6.18-win32-x64/meta/Lua%205.4%20en-us%20utf8/string.lua
[15:27:46.408][info] [#0:script\workspace\workspace.lua:351]: Scan library at:	file:///d%3A/a/NoitaMP/NoitaMP/.building/lua-language-server-3.6.18-win32-x64/meta/Lua%205.4%20en-us%20utf8/package.lua
[15:27:46.408][info] [#0:script\workspace\workspace.lua:351]: Scan library at:	file:///d%3A/a/NoitaMP/NoitaMP/.building/lua-language-server-3.6.18-win32-x64/meta/Lua%205.4%20en-us%20utf8/table.lua
[15:27:46.408][info] [#0:script\workspace\workspace.lua:351]: Scan library at:	file:///d%3A/a/NoitaMP/NoitaMP/.building/lua-language-server-3.6.18-win32-x64/meta/Lua%205.4%20en-us%20utf8/utf8.lua
[15:27:46.408][info] [#0:script\workspace\workspace.lua:351]: Scan library at:	file:///d%3A/a/NoitaMP/NoitaMP/.building/lua-language-server-3.6.18-win32-x64/meta/Lua%205.4%20en-us%20utf8/builtin.lua
[15:27:46.408][info] [#0:script\workspace\workspace.lua:351]: Scan library at:	file:///d%3A/a/NoitaMP/NoitaMP/.building/lua-language-server-3.6.18-win32-x64/meta/Lua%205.4%20en-us%20utf8/coroutine.lua
[15:27:46.408][info] [#0:script\workspace\workspace.lua:351]: Scan library at:	file:///d%3A/a/NoitaMP/NoitaMP/.building/lua-language-server-3.6.18-win32-x64/meta/Lua%205.4%20en-us%20utf8/debug.lua
[15:27:46.408][info] [#0:script\workspace\workspace.lua:351]: Scan library at:	file:///d%3A/a/NoitaMP/NoitaMP/.building/lua-language-server-3.6.18-win32-x64/meta/Lua%205.4%20en-us%20utf8/math.lua
[15:27:46.408][info] [#0:script\workspace\workspace.lua:351]: Scan library at:	file:///d%3A/a/NoitaMP/NoitaMP/.building/lua-language-server-3.6.18-win32-x64/meta/Lua%205.4%20en-us%20utf8/io.lua
[15:27:46.408][info] [#0:script\workspace\workspace.lua:377]: Found 11 files at:	<fallback>
[15:27:46.408][info] [#0:script\workspace\loading.lua:161]: Load files from disk:	<fallback>
[15:27:46.408][info] [#0:script\workspace\loading.lua:101]: Preload file at: file:///d%3A/a/NoitaMP/NoitaMP/.building/lua-language-server-3.6.18-win32-x64/meta/Lua%205.4%20en-us%20utf8/io.lua , size = 6.364 KB
[15:27:46.408][info] [#0:script\workspace\loading.lua:113]: ++++As library of:	file:///d%3A/a/NoitaMP/NoitaMP/.building/lua-language-server-3.6.18-win32-x64/meta/Lua%205.4%20en-us%20utf8/io.lua
[15:27:46.408][info] [#0:script\workspace\workspace.lua:377]: Found 49 files at:	file:///d%3A/a/NoitaMP/NoitaMP/mods/noita-mp/files/scripts
[15:27:46.408][info] [#0:script\workspace\loading.lua:161]: Load files from disk:	file:///d%3A/a/NoitaMP/NoitaMP/mods/noita-mp/files/scripts
[15:27:46.408][info] [#0:script\workspace\loading.lua:89]: Skip loaded file: file:///d%3A/a/NoitaMP/NoitaMP/.building/lua-language-server-3.6.18-win32-x64/meta/Lua%205.4%20en-us%20utf8/io.lua
[15:27:46.408][info] [#0:script\workspace\loading.lua:113]: ++++As library of:	file:///d%3A/a/NoitaMP/NoitaMP/.building/lua-language-server-3.6.18-win32-x64/meta/Lua%205.4%20en-us%20utf8/io.lua
[15:27:46.408][info] [#0:script\workspace\loading.lua:101]: Preload file at: file:///d%3A/a/NoitaMP/NoitaMP/.building/lua-language-server-3.6.18-win32-x64/meta/Lua%205.4%20en-us%20utf8/math.lua , size = 8.731 KB
[15:27:46.423][info] [#0:script\workspace\loading.lua:113]: ++++As library of:	file:///d%3A/a/NoitaMP/NoitaMP/.building/lua-language-server-3.6.18-win32-x64/meta/Lua%205.4%20en-us%20utf8/math.lua
[15:27:46.423][info] [#0:script\workspace\loading.lua:89]: Skip loaded file: file:///d%3A/a/NoitaMP/NoitaMP/.building/lua-language-server-3.6.18-win32-x64/meta/Lua%205.4%20en-us%20utf8/math.lua
[15:27:46.423][info] [#0:script\workspace\loading.lua:113]: ++++As library of:	file:///d%3A/a/NoitaMP/NoitaMP/.building/lua-language-server-3.6.18-win32-x64/meta/Lua%205.4%20en-us%20utf8/math.lua
[15:27:46.423][info] [#0:script\workspace\loading.lua:101]: Preload file at: file:///d%3A/a/NoitaMP/NoitaMP/.building/lua-language-server-3.6.18-win32-x64/meta/Lua%205.4%20en-us%20utf8/debug.lua , size = 7.637 KB
[15:27:46.423][info] [#0:script\workspace\loading.lua:113]: ++++As library of:	file:///d%3A/a/NoitaMP/NoitaMP/.building/lua-language-server-3.6.18-win32-x64/meta/Lua%205.4%20en-us%20utf8/debug.lua
[15:27:46.423][info] [#0:script\workspace\loading.lua:89]: Skip loaded file: file:///d%3A/a/NoitaMP/NoitaMP/.building/lua-language-server-3.6.18-win32-x64/meta/Lua%205.4%20en-us%20utf8/debug.lua
[15:27:46.423][info] [#0:script\workspace\loading.lua:113]: ++++As library of:	file:///d%3A/a/NoitaMP/NoitaMP/.building/lua-language-server-3.6.18-win32-x64/meta/Lua%205.4%20en-us%20utf8/debug.lua
[15:27:46.423][info] [#0:script\workspace\loading.lua:101]: Preload file at: file:///d%3A/a/NoitaMP/NoitaMP/.building/lua-language-server-3.6.18-win32-x64/meta/Lua%205.4%20en-us%20utf8/coroutine.lua , size = 2.590 KB
[15:27:46.423][info] [#0:script\workspace\loading.lua:113]: ++++As library of:	file:///d%3A/a/NoitaMP/NoitaMP/.building/lua-language-server-3.6.18-win32-x64/meta/Lua%205.4%20en-us%20utf8/coroutine.lua
[15:27:46.423][info] [#0:script\workspace\loading.lua:89]: Skip loaded file: file:///d%3A/a/NoitaMP/NoitaMP/.building/lua-language-server-3.6.18-win32-x64/meta/Lua%205.4%20en-us%20utf8/coroutine.lua
[15:27:46.423][info] [#0:script\workspace\loading.lua:113]: ++++As library of:	file:///d%3A/a/NoitaMP/NoitaMP/.building/lua-language-server-3.6.18-win32-x64/meta/Lua%205.4%20en-us%20utf8/coroutine.lua
[15:27:46.423][info] [#0:script\workspace\loading.lua:101]: Preload file at: file:///d%3A/a/NoitaMP/NoitaMP/.building/lua-language-server-3.6.18-win32-x64/meta/Lua%205.4%20en-us%20utf8/builtin.lua , size = 0.302 KB
[15:27:46.423][info] [#0:script\workspace\loading.lua:113]: ++++As library of:	file:///d%3A/a/NoitaMP/NoitaMP/.building/lua-language-server-3.6.18-win32-x64/meta/Lua%205.4%20en-us%20utf8/builtin.lua
[15:27:46.423][info] [#0:script\workspace\loading.lua:89]: Skip loaded file: file:///d%3A/a/NoitaMP/NoitaMP/.building/lua-language-server-3.6.18-win32-x64/meta/Lua%205.4%20en-us%20utf8/builtin.lua
[15:27:46.423][info] [#0:script\workspace\loading.lua:113]: ++++As library of:	file:///d%3A/a/NoitaMP/NoitaMP/.building/lua-language-server-3.6.18-win32-x64/meta/Lua%205.4%20en-us%20utf8/builtin.lua
[15:27:46.423][info] [#0:script\workspace\loading.lua:101]: Preload file at: file:///d%3A/a/NoitaMP/NoitaMP/.building/lua-language-server-3.6.18-win32-x64/meta/Lua%205.4%20en-us%20utf8/utf8.lua , size = 2.386 KB
[15:27:46.423][info] [#0:script\workspace\loading.lua:113]: ++++As library of:	file:///d%3A/a/NoitaMP/NoitaMP/.building/lua-language-server-3.6.18-win32-x64/meta/Lua%205.4%20en-us%20utf8/utf8.lua
[15:27:46.423][info] [#0:script\workspace\loading.lua:89]: Skip loaded file: file:///d%3A/a/NoitaMP/NoitaMP/.building/lua-language-server-3.6.18-win32-x64/meta/Lua%205.4%20en-us%20utf8/utf8.lua
[15:27:46.423][info] [#0:script\workspace\loading.lua:113]: ++++As library of:	file:///d%3A/a/NoitaMP/NoitaMP/.building/lua-language-server-3.6.18-win32-x64/meta/Lua%205.4%20en-us%20utf8/utf8.lua
[15:27:46.423][info] [#0:script\workspace\loading.lua:101]: Preload file at: file:///d%3A/a/NoitaMP/NoitaMP/.building/lua-language-server-3.6.18-win32-x64/meta/Lua%205.4%20en-us%20utf8/table.lua , size = 4.230 KB
[15:27:46.439][info] [#0:script\workspace\loading.lua:113]: ++++As library of:	file:///d%3A/a/NoitaMP/NoitaMP/.building/lua-language-server-3.6.18-win32-x64/meta/Lua%205.4%20en-us%20utf8/table.lua
[15:27:46.439][info] [#0:script\workspace\loading.lua:89]: Skip loaded file: file:///d%3A/a/NoitaMP/NoitaMP/.building/lua-language-server-3.6.18-win32-x64/meta/Lua%205.4%20en-us%20utf8/table.lua
[15:27:46.439][info] [#0:script\workspace\loading.lua:113]: ++++As library of:	file:///d%3A/a/NoitaMP/NoitaMP/.building/lua-language-server-3.6.18-win32-x64/meta/Lua%205.4%20en-us%20utf8/table.lua
[15:27:46.439][info] [#0:script\workspace\loading.lua:101]: Preload file at: file:///d%3A/a/NoitaMP/NoitaMP/.building/lua-language-server-3.6.18-win32-x64/meta/Lua%205.4%20en-us%20utf8/package.lua , size = 2.944 KB
[15:27:46.439][info] [#0:script\workspace\loading.lua:113]: ++++As library of:	file:///d%3A/a/NoitaMP/NoitaMP/.building/lua-language-server-3.6.18-win32-x64/meta/Lua%205.4%20en-us%20utf8/package.lua
[15:27:46.439][info] [#0:script\workspace\loading.lua:89]: Skip loaded file: file:///d%3A/a/NoitaMP/NoitaMP/.building/lua-language-server-3.6.18-win32-x64/meta/Lua%205.4%20en-us%20utf8/package.lua
[15:27:46.439][info] [#0:script\workspace\loading.lua:113]: ++++As library of:	file:///d%3A/a/NoitaMP/NoitaMP/.building/lua-language-server-3.6.18-win32-x64/meta/Lua%205.4%20en-us%20utf8/package.lua
[15:27:46.439][info] [#0:script\workspace\loading.lua:101]: Preload file at: file:///d%3A/a/NoitaMP/NoitaMP/.building/lua-language-server-3.6.18-win32-x64/meta/Lua%205.4%20en-us%20utf8/string.lua , size = 6.302 KB
[15:27:46.439][info] [#0:script\workspace\loading.lua:113]: ++++As library of:	file:///d%3A/a/NoitaMP/NoitaMP/.building/lua-language-server-3.6.18-win32-x64/meta/Lua%205.4%20en-us%20utf8/string.lua
[15:27:46.439][info] [#0:script\workspace\loading.lua:89]: Skip loaded file: file:///d%3A/a/NoitaMP/NoitaMP/.building/lua-language-server-3.6.18-win32-x64/meta/Lua%205.4%20en-us%20utf8/string.lua
[15:27:46.439][info] [#0:script\workspace\loading.lua:113]: ++++As library of:	file:///d%3A/a/NoitaMP/NoitaMP/.building/lua-language-server-3.6.18-win32-x64/meta/Lua%205.4%20en-us%20utf8/string.lua
[15:27:46.439][info] [#0:script\workspace\loading.lua:101]: Preload file at: file:///d%3A/a/NoitaMP/NoitaMP/.building/lua-language-server-3.6.18-win32-x64/meta/Lua%205.4%20en-us%20utf8/basic.lua , size = 14.160 KB
[15:27:46.439][info] [#0:script\workspace\loading.lua:113]: ++++As library of:	file:///d%3A/a/NoitaMP/NoitaMP/.building/lua-language-server-3.6.18-win32-x64/meta/Lua%205.4%20en-us%20utf8/basic.lua
[15:27:46.439][info] [#0:script\workspace\loading.lua:89]: Skip loaded file: file:///d%3A/a/NoitaMP/NoitaMP/.building/lua-language-server-3.6.18-win32-x64/meta/Lua%205.4%20en-us%20utf8/basic.lua
[15:27:46.439][info] [#0:script\workspace\loading.lua:113]: ++++As library of:	file:///d%3A/a/NoitaMP/NoitaMP/.building/lua-language-server-3.6.18-win32-x64/meta/Lua%205.4%20en-us%20utf8/basic.lua
[15:27:46.439][info] [#0:script\workspace\loading.lua:101]: Preload file at: file:///d%3A/a/NoitaMP/NoitaMP/.building/lua-language-server-3.6.18-win32-x64/meta/Lua%205.4%20en-us%20utf8/os.lua , size = 4.347 KB
[15:27:46.454][info] [#0:script\workspace\loading.lua:113]: ++++As library of:	file:///d%3A/a/NoitaMP/NoitaMP/.building/lua-language-server-3.6.18-win32-x64/meta/Lua%205.4%20en-us%20utf8/os.lua
[15:27:46.454][info] [#0:script\workspace\loading.lua:89]: Skip loaded file: file:///d%3A/a/NoitaMP/NoitaMP/.building/lua-language-server-3.6.18-win32-x64/meta/Lua%205.4%20en-us%20utf8/os.lua
[15:27:46.454][info] [#0:script\workspace\loading.lua:113]: ++++As library of:	file:///d%3A/a/NoitaMP/NoitaMP/.building/lua-language-server-3.6.18-win32-x64/meta/Lua%205.4%20en-us%20utf8/os.lua
[15:27:46.454][info] [#0:script\workspace\loading.lua:173]: Loaded files takes [0.042] sec: <fallback>
[15:27:46.454][info] [#0:script\workspace\loading.lua:182]: Compile files takes [0.000] sec: <fallback>
[15:27:46.454][info] [#0:script\workspace\loading.lua:183]: Loaded finish:	<fallback>
[15:27:46.454][info] [#0:script\workspace\workspace.lua:379]: Preload finish at:	<fallback>
[15:27:46.454][info] [#0:script\workspace\loading.lua:101]: Preload file at: file:///d%3A/a/NoitaMP/NoitaMP/mods/noita-mp/files/scripts/bin/profiler.lua , size = 19.746 KB
[15:27:46.470][info] [#0:script\workspace\loading.lua:101]: Preload file at: file:///d%3A/a/NoitaMP/NoitaMP/mods/noita-mp/files/scripts/DefaultBiomeMap.lua , size = 0.127 KB
[15:27:46.470][info] [#0:script\workspace\loading.lua:101]: Preload file at: file:///d%3A/a/NoitaMP/NoitaMP/mods/noita-mp/files/scripts/extensions/ffiExtensions.lua , size = 6.634 KB
[15:27:46.470][info] [#0:script\workspace\loading.lua:101]: Preload file at: file:///d%3A/a/NoitaMP/NoitaMP/mods/noita-mp/files/scripts/extensions/globalExtensions.lua , size = 2.217 KB
[15:27:46.470][info] [#0:script\workspace\loading.lua:101]: Preload file at: file:///d%3A/a/NoitaMP/NoitaMP/mods/noita-mp/files/scripts/extensions/mathExtensions.lua , size = 1.048 KB
[15:27:46.470][info] [#0:script\workspace\loading.lua:101]: Preload file at: file:///d%3A/a/NoitaMP/NoitaMP/mods/noita-mp/files/scripts/extensions/stringExtensions.lua , size = 2.886 KB
[15:27:46.470][info] [#0:script\workspace\loading.lua:101]: Preload file at: file:///d%3A/a/NoitaMP/NoitaMP/mods/noita-mp/files/scripts/extensions/tableExtensions.lua , size = 6.124 KB
[15:27:46.486][info] [#0:script\workspace\loading.lua:101]: Preload file at: file:///d%3A/a/NoitaMP/NoitaMP/mods/noita-mp/files/scripts/Gui.lua , size = 31.820 KB
[15:27:46.501][info] [#0:script\workspace\loading.lua:101]: Preload file at: file:///d%3A/a/NoitaMP/NoitaMP/mods/noita-mp/files/scripts/init/init_.lua , size = 2.607 KB
[15:27:46.517][info] [#0:script\workspace\loading.lua:101]: Preload file at: file:///d%3A/a/NoitaMP/NoitaMP/mods/noita-mp/files/scripts/init/init_package_loading.lua , size = 8.742 KB
[15:27:46.517][info] [#0:script\workspace\loading.lua:101]: Preload file at: file:///d%3A/a/NoitaMP/NoitaMP/mods/noita-mp/files/scripts/net/Client.lua , size = 41.386 KB
[15:27:46.548][info] [#0:script\workspace\loading.lua:101]: Preload file at: file:///d%3A/a/NoitaMP/NoitaMP/mods/noita-mp/files/scripts/net/Server.lua , size = 43.729 KB
[15:27:46.579][info] [#0:script\workspace\loading.lua:101]: Preload file at: file:///d%3A/a/NoitaMP/NoitaMP/mods/noita-mp/files/scripts/net/SockClient.lua , size = 26.953 KB
[15:27:46.595][info] [#0:script\workspace\loading.lua:101]: Preload file at: file:///d%3A/a/NoitaMP/NoitaMP/mods/noita-mp/files/scripts/net/SockServer.lua , size = 25.946 KB
[15:27:46.611][info] [#0:script\workspace\loading.lua:101]: Preload file at: file:///d%3A/a/NoitaMP/NoitaMP/mods/noita-mp/files/scripts/noita-components/imgui_warning.lua , size = 0.407 KB
[15:27:46.611][info] [#0:script\workspace\loading.lua:101]: Preload file at: file:///d%3A/a/NoitaMP/NoitaMP/mods/noita-mp/files/scripts/noita-components/name_tags.lua , size = 1.903 KB
[15:27:46.611][info] [#0:script\workspace\loading.lua:101]: Preload file at: file:///d%3A/a/NoitaMP/NoitaMP/mods/noita-mp/files/scripts/noita-components/nuid_debug.lua , size = 2.806 KB
[15:27:46.611][info] [#0:script\workspace\loading.lua:101]: Preload file at: file:///d%3A/a/NoitaMP/NoitaMP/mods/noita-mp/files/scripts/noita-components/nuid_updater.lua , size = 3.165 KB
[15:27:46.626][info] [#0:script\workspace\loading.lua:101]: Preload file at: file:///d%3A/a/NoitaMP/NoitaMP/mods/noita-mp/files/scripts/NoitaMpSettings.lua , size = 8.165 KB
[15:27:46.626][info] [#0:script\workspace\loading.lua:101]: Preload file at: file:///d%3A/a/NoitaMP/NoitaMP/mods/noita-mp/files/scripts/Ui.lua , size = 13.477 KB
[15:27:46.626][info] [#0:script\workspace\loading.lua:101]: Preload file at: file:///d%3A/a/NoitaMP/NoitaMP/mods/noita-mp/files/scripts/util/CustomProfiler.lua , size = 8.812 KB
[15:27:46.642][info] [#0:script\workspace\loading.lua:101]: Preload file at: file:///d%3A/a/NoitaMP/NoitaMP/mods/noita-mp/files/scripts/util/EntityCache.lua , size = 4.134 KB
[15:27:46.642][info] [#0:script\workspace\loading.lua:101]: Preload file at: file:///d%3A/a/NoitaMP/NoitaMP/mods/noita-mp/files/scripts/util/EntityCacheUtils.lua , size = 3.215 KB
[15:27:46.642][info] [#0:script\workspace\loading.lua:101]: Preload file at: file:///d%3A/a/NoitaMP/NoitaMP/mods/noita-mp/files/scripts/util/EntityUtils.lua , size = 30.445 KB
[15:27:46.658][info] [#0:script\workspace\loading.lua:101]: Preload file at: file:///d%3A/a/NoitaMP/NoitaMP/mods/noita-mp/files/scripts/util/FileUtils.lua , size = 26.052 KB
[15:27:46.673][info] [#0:script\workspace\loading.lua:101]: Preload file at: file:///d%3A/a/NoitaMP/NoitaMP/mods/noita-mp/files/scripts/util/GlobalsUtils.lua , size = 6.048 KB
[15:27:46.673][info] [#0:script\workspace\loading.lua:101]: Preload file at: file:///d%3A/a/NoitaMP/NoitaMP/mods/noita-mp/files/scripts/util/GuidUtils.lua , size = 5.702 KB
[15:27:46.689][info] [#0:script\workspace\loading.lua:101]: Preload file at: file:///d%3A/a/NoitaMP/NoitaMP/mods/noita-mp/files/scripts/util/Logger.lua , size = 6.055 KB
[15:27:46.689][info] [#0:script\workspace\loading.lua:101]: Preload file at: file:///d%3A/a/NoitaMP/NoitaMP/mods/noita-mp/files/scripts/util/MinaUtils.lua , size = 11.020 KB
[15:27:46.689][info] [#0:script\workspace\loading.lua:101]: Preload file at: file:///d%3A/a/NoitaMP/NoitaMP/mods/noita-mp/files/scripts/util/NetworkCache.lua , size = 8.049 KB
[15:27:46.704][info] [#0:script\workspace\loading.lua:101]: Preload file at: file:///d%3A/a/NoitaMP/NoitaMP/mods/noita-mp/files/scripts/util/NetworkCacheUtils.lua , size = 14.692 KB
[15:27:46.720][info] [#0:script\workspace\loading.lua:101]: Preload file at: file:///d%3A/a/NoitaMP/NoitaMP/mods/noita-mp/files/scripts/util/NetworkUtils.lua , size = 14.920 KB
[15:27:46.736][info] [#0:script\workspace\loading.lua:101]: Preload file at: file:///d%3A/a/NoitaMP/NoitaMP/mods/noita-mp/files/scripts/util/NetworkVscUtils.lua , size = 24.695 KB
[15:27:46.736][info] [#0:script\workspace\loading.lua:101]: Preload file at: file:///d%3A/a/NoitaMP/NoitaMP/mods/noita-mp/files/scripts/util/NoitaComponentUtils.lua , size = 9.967 KB
[15:27:46.751][info] [#0:script\workspace\loading.lua:101]: Preload file at: file:///d%3A/a/NoitaMP/NoitaMP/mods/noita-mp/files/scripts/util/NoitaPatcherUtils.lua , size = 2.993 KB
[15:27:46.751][info] [#0:script\workspace\loading.lua:101]: Preload file at: file:///d%3A/a/NoitaMP/NoitaMP/mods/noita-mp/files/scripts/util/NuidUtils.lua , size = 4.946 KB
[15:27:46.751][info] [#0:script\workspace\loading.lua:101]: Preload file at: file:///d%3A/a/NoitaMP/NoitaMP/mods/noita-mp/files/scripts/util/SockListener.lua , size = 2.217 KB
[15:27:46.751][info] [#0:script\workspace\loading.lua:101]: Preload file at: file:///d%3A/a/NoitaMP/NoitaMP/mods/noita-mp/files/scripts/util/Utils.lua , size = 3.799 KB
[15:27:46.751][info] [#0:script\workspace\loading.lua:173]: Loaded files takes [0.342] sec: file:///d%3A/a/NoitaMP/NoitaMP/mods/noita-mp/files/scripts
[15:27:46.751][info] [#0:script\workspace\loading.lua:182]: Compile files takes [0.001] sec: file:///d%3A/a/NoitaMP/NoitaMP/mods/noita-mp/files/scripts
[15:27:46.751][info] [#0:script\workspace\loading.lua:183]: Loaded finish:	file:///d%3A/a/NoitaMP/NoitaMP/mods/noita-mp/files/scripts
[15:27:46.751][info] [#0:script\workspace\workspace.lua:379]: Preload finish at:	file:///d%3A/a/NoitaMP/NoitaMP/mods/noita-mp/files/scripts
[15:27:46.767][info] [#0:script\provider\diagnostic.lua:557]: Diagnostics scope [file:///d%3A/a/NoitaMP/NoitaMP/mods/noita-mp/files/scripts], files count:[49]
[15:27:46.923][info] [#0:script\library.lua:546]: Found 3rd library by word: 	()require[%s%("']+lfs[%)"']()	file:///d%3A/a/NoitaMP/NoitaMP/mods/noita-mp/files/scripts/NoitaMpSettings.lua	${3rd}/lfs/library	{}
[15:27:46.923][info] [#0:script\client.lua:132]: requestMessage	Info	Do you need to configure your work environment as `luafilesystem`?
[15:27:46.923][info] [#0:script\library.lua:546]: Found 3rd library by word: 	()require[%s%("']+lfs[%)"']()	file:///d%3A/a/NoitaMP/NoitaMP/mods/noita-mp/files/scripts/bin/profiler.lua	${3rd}/lfs/library	{}
[15:27:46.939][info] [#0:script\library.lua:546]: Found 3rd library by word: 	()require[%s%("']+lfs[%)"']()	file:///d%3A/a/NoitaMP/NoitaMP/mods/noita-mp/files/scripts/util/FileUtils.lua	${3rd}/lfs/library	{}
[15:27:48.314][info] [#0:script\provider\diagnostic.lua:574]: Diagnostics scope [file:///d%3A/a/NoitaMP/NoitaMP/mods/noita-mp/files/scripts] finished, takes [1.547] sec.
[15:27:48.392][info] [#0:script\client.lua:138]: responseMessage	Do you need to configure your work environment as `luafilesystem`?	nil
